<?xml version="1.0" encoding="UTF-8" ?>
<testsuite tests="4" failures="0" name="com.github.verivlk.UserControllerIntegrationTest" time="0.256" errors="0" skipped="0">
  <properties>
[...]
</properties>
  <testcase classname="com.github.verivlk.UserControllerIntegrationTest" name="whenPostRequestToUsersAndValidUser_thenCorrectResponse" time="0.2"/>
  <testcase classname="com.github.verivlk.UserControllerIntegrationTest" name="whenPostRequestToUsersAndInValidUser_thenCorrectResponse" time="0.039"/>
  <testcase classname="com.github.verivlk.UserControllerIntegrationTest" name="whenGetRequestToUsers_thenIncorrectResponse" time="0.005"/>
  <testcase classname="com.github.verivlk.UserControllerIntegrationTest" name="whenInputIsInvalid_thenReturnsStatus400" time="0.012"/>
</testsuite>